<?xml version="1.0" encoding="UTF-8"?>
<!-- Generated by org.testng.reporters.JUnitReportReporter -->
<testsuite hostname="home" failures="0" tests="4" name="testng.Testngdemo" time="0.030" errors="0" timestamp="2024-09-04T09:45:50 IST" skipped="0">
  <testcase classname="testng.Testngdemo" name="test3" time="0.014"/>
  <testcase classname="testng.Testngdemo" name="test2" time="0.004"/>
  <testcase classname="testng.Testngdemo" name="test2" time="0.006"/>
  <testcase classname="testng.Testngdemo" name="test1" time="0.006"/>
</testsuite> <!-- testng.Testngdemo -->
