<?xml version="1.0" encoding="UTF-8"?>
<!-- Generated by org.testng.reporters.JUnitReportReporter -->
<testsuite hostname="home" failures="0" tests="1" name="testng.Windowhandlepgm" time="6.184" errors="0" timestamp="2024-09-04T09:47:39 IST" skipped="0">
  <testcase classname="testng.Windowhandlepgm" name="test1" time="6.184"/>
</testsuite> <!-- testng.Windowhandlepgm -->
