<?xml version="1.0" encoding="UTF-8"?>
<!-- Generated by org.testng.reporters.JUnitReportReporter -->
<testsuite hostname="home" failures="0" tests="1" name="testng.Actionspgm" time="4.789" errors="0" timestamp="2024-09-05T20:37:25 IST" skipped="0">
  <testcase classname="testng.Actionspgm" name="test1" time="4.789"/>
</testsuite> <!-- testng.Actionspgm -->
