<?xml version="1.0" encoding="UTF-8"?>
<!-- Generated by org.testng.reporters.JUnitReportReporter -->
<testsuite hostname="home" failures="0" tests="1" name="testng.Rishiherbals" time="23.126" errors="0" timestamp="2024-09-09T09:15:49 IST" skipped="0">
  <testcase classname="testng.Rishiherbals" name="test1" time="23.126"/>
</testsuite> <!-- testng.Rishiherbals -->
