<?xml version="1.0" encoding="UTF-8"?>
<!-- Generated by org.testng.reporters.JUnitReportReporter -->
<testsuite hostname="home" failures="0" tests="1" name="testng.Saucedemodatadrivenseptember" time="1.365" errors="0" timestamp="2024-09-09T09:09:16 IST" skipped="0">
  <testcase classname="testng.Saucedemodatadrivenseptember" name="test1" time="1.365"/>
</testsuite> <!-- testng.Saucedemodatadrivenseptember -->
