<?xml version="1.0" encoding="UTF-8"?>
<!-- Generated by org.testng.reporters.JUnitReportReporter -->
<testsuite hostname="home" failures="0" tests="1" name="testng.Mousehoverpgm" time="12.928" errors="0" timestamp="2024-09-04T09:41:20 IST" skipped="0">
  <testcase classname="testng.Mousehoverpgm" name="test1" time="12.928"/>
</testsuite> <!-- testng.Mousehoverpgm -->
