<?xml version="1.0" encoding="UTF-8"?>
<!-- Generated by org.testng.reporters.JUnitReportReporter -->
<testsuite hostname="home" failures="0" tests="1" name="testng.Amazondatadrivenseptember" time="15.150" errors="0" timestamp="2024-09-09T09:04:58 IST" skipped="0">
  <testcase classname="testng.Amazondatadrivenseptember" name="test1" time="15.150"/>
</testsuite> <!-- testng.Amazondatadrivenseptember -->
