<?xml version="1.0" encoding="UTF-8"?>
<!-- Generated by org.testng.reporters.JUnitReportReporter -->
<testsuite hostname="home" failures="0" tests="5" name="testng.TestNGgrouping" time="0.036" errors="0" timestamp="2024-09-04T09:46:46 IST" skipped="0">
  <testcase classname="testng.TestNGgrouping" name="main3" time="0.002"/>
  <testcase classname="testng.TestNGgrouping" name="main4" time="0.003"/>
  <testcase classname="testng.TestNGgrouping" name="main5" time="0.002"/>
  <testcase classname="testng.TestNGgrouping" name="main1" time="0.025"/>
  <testcase classname="testng.TestNGgrouping" name="main2" time="0.004"/>
</testsuite> <!-- testng.TestNGgrouping -->
