<?xml version="1.0" encoding="UTF-8"?>
<!-- Generated by org.testng.reporters.JUnitReportReporter -->
<testsuite hostname="home" failures="0" tests="1" name="testng.Notificationpgm" time="26.608" errors="0" timestamp="2024-09-04T09:42:41 IST" skipped="0">
  <testcase classname="testng.Notificationpgm" name="url" time="26.608"/>
</testsuite> <!-- testng.Notificationpgm -->
